# JRE version: OpenJDK Runtime Environment Temurin-17.0.6+10 (17.0.6+10) (build 17.0.6+10)
# Java VM: OpenJDK 64-Bit Server VM Temurin-17.0.6+10 (17.0.6+10, mixed mode, emulated-client, tiered, compressed oops, compressed class ptrs, g1 gc, windows-amd64)
GC Precious Log:
 CPUs: 2 total, 2 available
 Memory: 3956M
 Large Page Support: Disabled
 NUMA Support: Disabled
 Compressed Oops: Enabled (32-bit)
 Heap Region Size: 1M
 Heap Min Capacity: 8M
 Heap Initial Capacity: 62M
 Heap Max Capacity: 1G
 Pre-touch: Disabled
 Parallel Workers: 2
 Concurrent Workers: 1
 Concurrent Refinement Workers: 2
 Periodic GC: Disabled
Heap:
 garbage-first heap   total 274432K, used 116223K [0x00000000c0000000, 0x0000000100000000)
  region size 1024K, 10 young (10240K), 10 survivors (10240K)
 Metaspace       used 47866K, committed 48320K, reserved 1097728K
  class space    used 6069K, committed 6272K, reserved 1048576K
GC Heap History (20 events):
Event: 42.377 GC heap after
{Heap after GC invocations=24 (full 0):
 garbage-first heap   total 166912K, used 67072K [0x00000000c0000000, 0x0000000100000000)
  region size 1024K, 2 young (2048K), 2 survivors (2048K)
 Metaspace       used 37976K, committed 38336K, reserved 1089536K
  class space    used 4940K, committed 5120K, reserved 1048576K
}
Event: 42.508 GC heap before
{Heap before GC invocations=24 (full 0):
 garbage-first heap   total 166912K, used 115200K [0x00000000c0000000, 0x0000000100000000)
  region size 1024K, 50 young (51200K), 2 survivors (2048K)
 Metaspace       used 38223K, committed 38592K, reserved 1089536K
  class space    used 4952K, committed 5120K, reserved 1048576K
}
Event: 42.514 GC heap after
{Heap after GC invocations=25 (full 0):
 garbage-first heap   total 166912K, used 68872K [0x00000000c0000000, 0x0000000100000000)
  region size 1024K, 4 young (4096K), 4 survivors (4096K)
 Metaspace       used 38223K, committed 38592K, reserved 1089536K
  class space    used 4952K, committed 5120K, reserved 1048576K
}
Event: 42.699 GC heap before
{Heap before GC invocations=25 (full 0):
 garbage-first heap   total 166912K, used 120072K [0x00000000c0000000, 0x0000000100000000)
  region size 1024K, 55 young (56320K), 4 survivors (4096K)
 Metaspace       used 38842K, committed 39296K, reserved 1089536K
  class space    used 4978K, committed 5184K, reserved 1048576K
}
Event: 42.708 GC heap after
{Heap after GC invocations=26 (full 0):
 garbage-first heap   total 166912K, used 71338K [0x00000000c0000000, 0x0000000100000000)
  region size 1024K, 5 young (5120K), 5 survivors (5120K)
 Metaspace       used 38842K, committed 39296K, reserved 1089536K
  class space    used 4978K, committed 5184K, reserved 1048576K
}
Event: 42.821 GC heap before
{Heap before GC invocations=26 (full 0):
 garbage-first heap   total 166912K, used 124586K [0x00000000c0000000, 0x0000000100000000)
  region size 1024K, 58 young (59392K), 5 survivors (5120K)
 Metaspace       used 38979K, committed 39360K, reserved 1089536K
  class space    used 4994K, committed 5184K, reserved 1048576K
}
Event: 42.835 GC heap after
{Heap after GC invocations=27 (full 0):
 garbage-first heap   total 274432K, used 74470K [0x00000000c0000000, 0x0000000100000000)
  region size 1024K, 8 young (8192K), 8 survivors (8192K)
 Metaspace       used 38979K, committed 39360K, reserved 1089536K
  class space    used 4994K, committed 5184K, reserved 1048576K
}
Event: 44.477 GC heap before
{Heap before GC invocations=27 (full 0):
 garbage-first heap   total 274432K, used 206566K [0x00000000c0000000, 0x0000000100000000)
  region size 1024K, 138 young (141312K), 8 survivors (8192K)
 Metaspace       used 39582K, committed 40000K, reserved 1089536K
  class space    used 5057K, committed 5248K, reserved 1048576K
}
Event: 44.544 GC heap after
{Heap after GC invocations=28 (full 0):
 garbage-first heap   total 274432K, used 80225K [0x00000000c0000000, 0x0000000100000000)
  region size 1024K, 13 young (13312K), 13 survivors (13312K)
 Metaspace       used 39582K, committed 40000K, reserved 1089536K
  class space    used 5057K, committed 5248K, reserved 1048576K
}
Event: 45.565 GC heap before
{Heap before GC invocations=28 (full 0):
 garbage-first heap   total 274432K, used 213345K [0x00000000c0000000, 0x0000000100000000)
  region size 1024K, 144 young (147456K), 13 survivors (13312K)
 Metaspace       used 39673K, committed 40064K, reserved 1089536K
  class space    used 5080K, committed 5248K, reserved 1048576K
}
Event: 45.642 GC heap after
{Heap after GC invocations=29 (full 0):
 garbage-first heap   total 274432K, used 88840K [0x00000000c0000000, 0x0000000100000000)
  region size 1024K, 18 young (18432K), 18 survivors (18432K)
 Metaspace       used 39673K, committed 40064K, reserved 1089536K
  class space    used 5080K, committed 5248K, reserved 1048576K
}
Event: 46.549 GC heap before
{Heap before GC invocations=29 (full 0):
 garbage-first heap   total 274432K, used 214792K [0x00000000c0000000, 0x0000000100000000)
  region size 1024K, 143 young (146432K), 18 survivors (18432K)
 Metaspace       used 40653K, committed 41088K, reserved 1089536K
  class space    used 5149K, committed 5376K, reserved 1048576K
}
Event: 46.580 GC heap after
{Heap after GC invocations=30 (full 0):
 garbage-first heap   total 274432K, used 94465K [0x00000000c0000000, 0x0000000100000000)
  region size 1024K, 15 young (15360K), 15 survivors (15360K)
 Metaspace       used 40653K, committed 41088K, reserved 1089536K
  class space    used 5149K, committed 5376K, reserved 1048576K
}
Event: 46.993 GC heap before
{Heap before GC invocations=30 (full 0):
 garbage-first heap   total 274432K, used 219393K [0x00000000c0000000, 0x0000000100000000)
  region size 1024K, 138 young (141312K), 15 survivors (15360K)
 Metaspace       used 42078K, committed 42560K, reserved 1089536K
  class space    used 5289K, committed 5504K, reserved 1048576K
}
Event: 47.020 GC heap after
{Heap after GC invocations=31 (full 0):
 garbage-first heap   total 274432K, used 99840K [0x00000000c0000000, 0x0000000100000000)
  region size 1024K, 11 young (11264K), 11 survivors (11264K)
 Metaspace       used 42078K, committed 42560K, reserved 1089536K
  class space    used 5289K, committed 5504K, reserved 1048576K
}
Event: 47.661 GC heap before
{Heap before GC invocations=31 (full 0):
 garbage-first heap   total 274432K, used 224768K [0x00000000c0000000, 0x0000000100000000)
  region size 1024K, 133 young (136192K), 11 survivors (11264K)
 Metaspace       used 44007K, committed 44416K, reserved 1089536K
  class space    used 5536K, committed 5760K, reserved 1048576K
}
Event: 47.684 GC heap after
{Heap after GC invocations=32 (full 0):
 garbage-first heap   total 274432K, used 105472K [0x00000000c0000000, 0x0000000100000000)
  region size 1024K, 11 young (11264K), 11 survivors (11264K)
 Metaspace       used 44007K, committed 44416K, reserved 1089536K
  class space    used 5536K, committed 5760K, reserved 1048576K
}
Event: 48.122 GC heap before
{Heap before GC invocations=32 (full 0):
 garbage-first heap   total 274432K, used 225280K [0x00000000c0000000, 0x0000000100000000)
  region size 1024K, 129 young (132096K), 11 survivors (11264K)
 Metaspace       used 46409K, committed 46848K, reserved 1089536K
  class space    used 5852K, committed 6016K, reserved 1048576K
}
Event: 48.154 GC heap after
{Heap after GC invocations=33 (full 0):
 garbage-first heap   total 274432K, used 112128K [0x00000000c0000000, 0x0000000100000000)
  region size 1024K, 12 young (12288K), 12 survivors (12288K)
 Metaspace       used 46409K, committed 46848K, reserved 1089536K
  class space    used 5852K, committed 6016K, reserved 1048576K
}
Event: 48.638 GC heap before
{Heap before GC invocations=33 (full 0):
 garbage-first heap   total 274432K, used 226816K [0x00000000c0000000, 0x0000000100000000)
  region size 1024K, 125 young (128000K), 12 survivors (12288K)
 Metaspace       used 47866K, committed 48320K, reserved 1097728K
  class space    used 6069K, committed 6272K, reserved 1048576K
}

